<?xml version="1.0" encoding="UTF-8"?>
<testng-results ignored="0" total="2" passed="2" failed="0" skipped="0">
  <reporter-output>
  </reporter-output>
  <suite started-at="2023-08-03T20:35:39 IST" name="Default suite" finished-at="2023-08-03T20:35:45 IST" duration-ms="6047">
    <groups>
    </groups>
    <test started-at="2023-08-03T20:35:39 IST" name="Default test" finished-at="2023-08-03T20:35:45 IST" duration-ms="6047">
      <class name="test.AdminTest">
        <test-method is-config="true" signature="beforeSuite()[pri:0, instance:test.AdminTest@4b741d6d]" started-at="2023-08-03T20:35:33 IST" name="beforeSuite" finished-at="2023-08-03T20:35:39 IST" duration-ms="5447" status="PASS">
          <reporter-output>
          </reporter-output>
        </test-method> <!-- beforeSuite -->
        <test-method signature="login()[pri:1, instance:test.AdminTest@4b741d6d]" started-at="2023-08-03T20:35:39 IST" name="login" finished-at="2023-08-03T20:35:45 IST" duration-ms="5789" status="PASS">
          <reporter-output>
          </reporter-output>
        </test-method> <!-- login -->
        <test-method signature="logout()[pri:2, instance:test.AdminTest@4b741d6d]" started-at="2023-08-03T20:35:45 IST" name="logout" finished-at="2023-08-03T20:35:45 IST" duration-ms="168" status="PASS">
          <reporter-output>
          </reporter-output>
        </test-method> <!-- logout -->
        <test-method is-config="true" signature="afterSuite()[pri:0, instance:test.AdminTest@4b741d6d]" started-at="2023-08-03T20:35:45 IST" name="afterSuite" finished-at="2023-08-03T20:35:45 IST" duration-ms="262" status="PASS">
          <reporter-output>
          </reporter-output>
        </test-method> <!-- afterSuite -->
      </class> <!-- test.AdminTest -->
    </test> <!-- Default test -->
  </suite> <!-- Default suite -->
</testng-results>
