<?xml version="1.0" encoding="UTF-8"?>
<testng-results ignored="0" total="4" passed="4" failed="0" skipped="0">
  <reporter-output>
  </reporter-output>
  <suite started-at="2023-08-03T21:25:50 IST" name="Suite" finished-at="2023-08-03T21:26:20 IST" duration-ms="29479">
    <groups>
    </groups>
    <test started-at="2023-08-03T21:25:50 IST" name="Test" finished-at="2023-08-03T21:26:20 IST" duration-ms="29479">
      <class name="test.AdminTest">
        <test-method is-config="true" signature="beforeSuite()[pri:0, instance:test.AdminTest@69e153c5]" started-at="2023-08-03T21:25:42 IST" name="beforeSuite" finished-at="2023-08-03T21:25:50 IST" duration-ms="7696" status="PASS">
          <reporter-output>
          </reporter-output>
        </test-method> <!-- beforeSuite -->
        <test-method signature="login()[pri:1, instance:test.AdminTest@69e153c5]" started-at="2023-08-03T21:25:50 IST" name="login" finished-at="2023-08-03T21:25:56 IST" duration-ms="5716" status="PASS">
          <reporter-output>
          </reporter-output>
        </test-method> <!-- login -->
        <test-method signature="logout()[pri:2, instance:test.AdminTest@69e153c5]" started-at="2023-08-03T21:25:56 IST" name="logout" finished-at="2023-08-03T21:25:56 IST" duration-ms="312" status="PASS">
          <reporter-output>
          </reporter-output>
        </test-method> <!-- logout -->
        <test-method is-config="true" signature="afterSuite()[pri:0, instance:test.AdminTest@69e153c5]" started-at="2023-08-03T21:26:20 IST" name="afterSuite" finished-at="2023-08-03T21:26:20 IST" duration-ms="406" status="PASS">
          <reporter-output>
          </reporter-output>
        </test-method> <!-- afterSuite -->
      </class> <!-- test.AdminTest -->
      <class name="test.citizenTest">
        <test-method is-config="true" signature="beforeSuite()[pri:0, instance:test.citizenTest@5d0bf09b]" started-at="2023-08-03T21:25:56 IST" name="beforeSuite" finished-at="2023-08-03T21:26:00 IST" duration-ms="3994" status="PASS">
          <reporter-output>
          </reporter-output>
        </test-method> <!-- beforeSuite -->
        <test-method signature="RegistrationTest()[pri:1, instance:test.citizenTest@5d0bf09b]" started-at="2023-08-03T21:26:00 IST" name="RegistrationTest" finished-at="2023-08-03T21:26:11 IST" duration-ms="10402" status="PASS">
          <reporter-output>
          </reporter-output>
        </test-method> <!-- RegistrationTest -->
        <test-method signature="loginTest()[pri:2, instance:test.citizenTest@5d0bf09b]" started-at="2023-08-03T21:26:11 IST" name="loginTest" finished-at="2023-08-03T21:26:19 IST" duration-ms="8505" status="PASS">
          <reporter-output>
          </reporter-output>
        </test-method> <!-- loginTest -->
        <test-method is-config="true" signature="afterSuite()[pri:0, instance:test.citizenTest@5d0bf09b]" started-at="2023-08-03T21:26:19 IST" name="afterSuite" finished-at="2023-08-03T21:26:20 IST" duration-ms="382" status="PASS">
          <reporter-output>
          </reporter-output>
        </test-method> <!-- afterSuite -->
      </class> <!-- test.citizenTest -->
    </test> <!-- Test -->
  </suite> <!-- Suite -->
</testng-results>
