<?xml version="1.0" encoding="UTF-8"?>
<!-- Generated by org.testng.reporters.JUnitXMLReporter -->
<testsuite ignored="0" hostname="Harish-kumar" failures="0" tests="4" name="Test" time="29.479" errors="0" timestamp="2023-08-03T21:26:20 IST">
  <testcase classname="test.AdminTest" name="login" time="5.716"/>
  <testcase classname="test.AdminTest" name="logout" time="0.312"/>
  <testcase classname="test.citizenTest" name="RegistrationTest" time="10.402"/>
  <testcase classname="test.citizenTest" name="loginTest" time="8.505"/>
</testsuite> <!-- Test -->
